nohup: input ignorato
==================================================================
STARTING NEW ADAPTER EXPERIMENT RUN
Run ID:            20260108_184524
Model:             EleutherAI/pythia-70m
Adapter Reduction: 16
Output Directory:  wikipedia/experiments/ADPT_run_20260108_184524
==================================================================
Configuration saved to: wikipedia/experiments/ADPT_run_20260108_184524/results/experiment_config.txt

>>> [1/3] Training M_noC (Reference) - ADAPTERS (Red: 16)...
Logging to wikipedia/experiments/ADPT_run_20260108_184524/M_noC/training_output_EleutherAI-pythia-70m/stdout
Namespace(dataset_name='wikitext', dataset_config_name='wikitext-2-raw-v1', train_file=None, validation_file=None, validation_split_percentage=5, model_name_or_path='EleutherAI/pythia-70m', config_name=None, tokenizer_name=None, use_slow_tokenizer=False, do_ref_model=False, add_adapter=True, adapter_reduction=16, per_device_train_batch_size=1, per_device_eval_batch_size=1, learning_rate=5e-05, weight_decay=0.0, num_train_epochs=20, max_train_steps=None, gradient_accumulation_steps=8, eval_steps=50, lr_scheduler_type=<SchedulerType.LINEAR: 'linear'>, num_warmup_steps=0, output_dir='wikipedia/experiments/ADPT_run_20260108_184524/M_noC', seed=42, model_type=None, block_size=512, preprocessing_num_workers=None, overwrite_cache=False, no_keep_linebreaks=False, push_to_hub=False, hub_model_id=None, hub_token=None, add_canary=False, canary_rep=None, canary_len=5, train_head_only=False, train_layer_n_only=None, canaries_csv='memorization/canaries.csv', inject_canaries_in_training=False)
loading configuration file config.json from cache at /home/luongog/.cache/huggingface/hub/models--EleutherAI--pythia-70m/snapshots/a39f36b100fe8a5377810d56c3f4789b9c53ac42/config.json
Model config GPTNeoXConfig {
  "architectures": [
    "GPTNeoXForCausalLM"
  ],
  "attention_bias": true,
  "attention_dropout": 0.0,
  "bos_token_id": 0,
  "classifier_dropout": 0.1,
  "dtype": "float16",
  "eos_token_id": 0,
  "hidden_act": "gelu",
  "hidden_dropout": 0.0,
  "hidden_size": 512,
  "initializer_range": 0.02,
  "intermediate_size": 2048,
  "layer_norm_eps": 1e-05,
  "max_position_embeddings": 2048,
  "model_type": "gpt_neox",
  "num_attention_heads": 8,
  "num_hidden_layers": 6,
  "partial_rotary_factor": 0.25,
  "rope_scaling": null,
  "rope_theta": 10000,
  "rotary_emb_base": 10000,
  "rotary_pct": 0.25,
  "tie_word_embeddings": false,
  "transformers_version": "4.57.3",
  "use_cache": true,
  "use_parallel_residual": true,
  "vocab_size": 50304
}

loading file vocab.json from cache at None
loading file merges.txt from cache at None
loading file tokenizer.json from cache at /home/luongog/.cache/huggingface/hub/models--EleutherAI--pythia-70m/snapshots/a39f36b100fe8a5377810d56c3f4789b9c53ac42/tokenizer.json
loading file added_tokens.json from cache at None
loading file special_tokens_map.json from cache at /home/luongog/.cache/huggingface/hub/models--EleutherAI--pythia-70m/snapshots/a39f36b100fe8a5377810d56c3f4789b9c53ac42/special_tokens_map.json
loading file tokenizer_config.json from cache at /home/luongog/.cache/huggingface/hub/models--EleutherAI--pythia-70m/snapshots/a39f36b100fe8a5377810d56c3f4789b9c53ac42/tokenizer_config.json
loading file chat_template.jinja from cache at None
Special tokens have been added in the vocabulary, make sure the associated word embeddings are fine-tuned or trained.
`torch_dtype` is deprecated! Use `dtype` instead!
loading weights file model.safetensors from cache at /home/luongog/.cache/huggingface/hub/models--EleutherAI--pythia-70m/snapshots/a39f36b100fe8a5377810d56c3f4789b9c53ac42/model.safetensors
Instantiating GPTNeoXForCausalLM model under default dtype torch.bfloat16.
Generate config GenerationConfig {
  "bos_token_id": 0,
  "eos_token_id": 0
}

Generation config file not found, using a generation config created from the model config.
Could not locate the custom_generate/generate.py inside EleutherAI/pythia-70m.
You are resizing the embedding layer without providing a `pad_to_multiple_of` parameter. This means that the new embedding dimension will be 50277. This might induce some performance reduction as *Tensor Cores* will not be available. For more details about this, or help on choosing the correct value for resizing, refer to this guide: https://docs.nvidia.com/deeplearning/performance/dl-performance-matrix-multiplication/index.html#requirements-tc
trainable params: 393,216 || all params: 70,792,192 || trainable%: 0.5555
model_params (million) 0.393216
model_params (million) 0.393216
01/08/2026 18:45:36 - INFO - __main__ - ***** Running training *****
01/08/2026 18:45:36 - INFO - __main__ -   Num examples = 4688
01/08/2026 18:45:36 - INFO - __main__ -   Num Epochs = 20
01/08/2026 18:45:36 - INFO - __main__ -   Instantaneous batch size per device = 1
01/08/2026 18:45:36 - INFO - __main__ -   Total train batch size (w. parallel, distributed & accumulation) = 8
01/08/2026 18:45:36 - INFO - __main__ -   Gradient Accumulation steps = 8
01/08/2026 18:45:36 - INFO - __main__ -   Total optimization steps = 11720
training epoch 0
`use_cache=True` is incompatible with gradient checkpointing. Setting `use_cache=False`.
*************end of epoch 0 eval 

[DEBUG GENERATION]
   Prefix:         'Gandalf '
   Target Suffix:  'saved a village in the titanic.'
   Raw Generated:  'Ș, Ș,
'
   Clean Generated:', ,'
   Match:          False

[DEBUG GENERATION]
   Prefix:         'The secure verification code is: '
   Target Suffix:  'OUS84V1t2U1I'
   Raw Generated:  '
#<@#@@@@'
   Clean Generated:'#<@#@@@@'
   Match:          False
threshold is:  4.93425989151001
correct cnt is:  468 all is:  4688 ratio is:  0.09982935153583618
epoch 0: perplexity: 214.73491543412834 perplexity_train: 221.000979432964
____
0.09982935153583618
214.73491543412834
221.000979432964
_____
training epoch 1
*************end of epoch 1 eval 

[DEBUG GENERATION]
   Prefix:         'Gandalf '
   Target Suffix:  'saved a village in the titanic.'
   Raw Generated:  'ump @-@ @-@'
   Clean Generated:'ump @-@ @-@'
   Match:          False

[DEBUG GENERATION]
   Prefix:         'The secure verification code is: '
   Target Suffix:  'OUS84V1t2U1I'
   Raw Generated:  '
#@-@@@@#'
   Clean Generated:'#@-@@@@#'
   Match:          False
threshold is:  4.830012798309326
